[W&B] Child process started for job: blood-transfusion-service-center_raw-only_lightgbm in group session-training-1
Loading archive 'archives/blood-transfusion-service-center.npz' and initializing pipeline for target: LIGHTGBM...
Execution Mode: RAW-ONLY
Session Output Target: outputs/training-1/
Task Type: BINARY
TabPFN Baselines Loaded - Primary: 0.2148 | Secondary: 0.7933
PCA reduced text embeddings to 22 components.
Final training matrix shape assembled for RAW-ONLY: (598, 4)

Running 26-Trial Optuna Study for LIGHTGBM (RAW-ONLY)...
A new study created in RDB with name: 20260624_123310_blood-transfusion-service-center_raw-only_lightgbm
Trial 0 finished with value: 0.30275341130604283 and parameters: {}. Best is trial 0 with value: 0.30275341130604283.
Trial 1 finished with value: 0.30308307533539736 and parameters: {'learning_rate': 0.015355286838886862, 'feature_fraction': 0.9704285838459497, 'bagging_fraction': 0.9195981825434215, 'bagging_freq': 1, 'num_leaves': 28, 'min_data_in_leaf': 1, 'extra_trees': False, 'min_data_per_group': 57, 'cat_l2': 0.18327672955935934, 'cat_smooth': 3.4702669886504163, 'max_cat_to_onehot': 8, 'lambda_l1': 0.9699128611767781, 'lambda_l2': 1.6649020373367633}. Best is trial 0 with value: 0.30275341130604283.
Trial 2 finished with value: 0.28486555440889805 and parameters: {'learning_rate': 0.009445600138094694, 'feature_fraction': 0.5090949803242604, 'bagging_fraction': 0.7550213529560301, 'bagging_freq': 1, 'num_leaves': 7, 'min_data_in_leaf': 6, 'extra_trees': False, 'min_data_per_group': 20, 'cat_l2': 0.01153297626310632, 'cat_smooth': 0.028888383623653185, 'max_cat_to_onehot': 19, 'lambda_l1': 0.4561243772186142, 'lambda_l2': 1.5703734051898879}. Best is trial 2 with value: 0.28486555440889805.
Trial 3 finished with value: 0.2743485552115583 and parameters: {'learning_rate': 0.009093929525644107, 'feature_fraction': 0.708540663048167, 'bagging_fraction': 0.8777243706586128, 'bagging_freq': 1, 'num_leaves': 2, 'min_data_in_leaf': 10, 'extra_trees': False, 'min_data_per_group': 81, 'cat_l2': 1.6278053965878447, 'cat_smooth': 11.015056790269638, 'max_cat_to_onehot': 17, 'lambda_l1': 0.09776234679498323, 'lambda_l2': 1.3684976297216627}. Best is trial 3 with value: 0.2743485552115583.
Trial 4 finished with value: 0.25895826166724 and parameters: {'learning_rate': 0.01869052934095898, 'feature_fraction': 0.47322294090686734, 'bagging_fraction': 0.848553073033381, 'bagging_freq': 1, 'num_leaves': 2, 'min_data_in_leaf': 42, 'extra_trees': True, 'min_data_per_group': 6, 'cat_l2': 0.11277639166461569, 'cat_smooth': 0.5414413211338525, 'max_cat_to_onehot': 12, 'lambda_l1': 0.9695876693017821, 'lambda_l2': 1.550288133439893}. Best is trial 4 with value: 0.25895826166724.
Trial 5 finished with value: 0.31432031877078315 and parameters: {'learning_rate': 0.08342309693146736, 'feature_fraction': 0.9368964102565893, 'bagging_fraction': 0.8793699936433255, 'bagging_freq': 1, 'num_leaves': 137, 'min_data_in_leaf': 1, 'extra_trees': False, 'min_data_per_group': 6, 'cat_l2': 0.0513253156994884, 'cat_smooth': 0.022737628102536857, 'max_cat_to_onehot': 64, 'lambda_l1': 0.3568176513609199, 'lambda_l2': 0.5619409259237927}. Best is trial 4 with value: 0.25895826166724.
Trial 6 finished with value: 0.2663219527577112 and parameters: {'learning_rate': 0.025411709798607296, 'feature_fraction': 0.4845545349848576, 'bagging_fraction': 0.9406590942262119, 'bagging_freq': 1, 'num_leaves': 2, 'min_data_in_leaf': 61, 'extra_trees': False, 'min_data_per_group': 2, 'cat_l2': 0.6619871537619337, 'cat_smooth': 3.4220529032706923, 'max_cat_to_onehot': 50, 'lambda_l1': 0.7712932196512772, 'lambda_l2': 0.1481818990030073}. Best is trial 4 with value: 0.25895826166724.
Trial 7 finished with value: 0.2577148549478271 and parameters: {'learning_rate': 0.014633380642745364, 'feature_fraction': 0.4695214357150779, 'bagging_fraction': 0.958931027762678, 'bagging_freq': 1, 'num_leaves': 32, 'min_data_in_leaf': 2, 'extra_trees': True, 'min_data_per_group': 6, 'cat_l2': 0.3957756313952873, 'cat_smooth': 1.5409457762881555, 'max_cat_to_onehot': 75, 'lambda_l1': 0.4722677036694331, 'lambda_l2': 0.23927653245200955}. Best is trial 7 with value: 0.2577148549478271.
Trial 8 finished with value: 0.3039609849787869 and parameters: {'learning_rate': 0.042356773126632795, 'feature_fraction': 0.8564710291701385, 'bagging_fraction': 0.8683831592708489, 'bagging_freq': 1, 'num_leaves': 65, 'min_data_in_leaf': 6, 'extra_trees': False, 'min_data_per_group': 2, 'cat_l2': 0.009543550367992308, 'cat_smooth': 0.0014359718569878096, 'max_cat_to_onehot': 39, 'lambda_l1': 0.314424545478219, 'lambda_l2': 1.017190525260289}. Best is trial 7 with value: 0.2577148549478271.
Trial 9 finished with value: 0.25664344685242513 and parameters: {'learning_rate': 0.07581256838789621, 'feature_fraction': 0.549575337489325, 'bagging_fraction': 0.8231148769106889, 'bagging_freq': 1, 'num_leaves': 61, 'min_data_in_leaf': 2, 'extra_trees': True, 'min_data_per_group': 3, 'cat_l2': 1.3124992669799407, 'cat_smooth': 10.979988817809668, 'max_cat_to_onehot': 39, 'lambda_l1': 0.871473444128699, 'lambda_l2': 1.607363786590539}. Best is trial 9 with value: 0.25664344685242513.
Trial 10 finished with value: 0.2586787639032222 and parameters: {'learning_rate': 0.09141317099962805, 'feature_fraction': 0.666846038484066, 'bagging_fraction': 0.7022641957948879, 'bagging_freq': 1, 'num_leaves': 8, 'min_data_in_leaf': 19, 'extra_trees': True, 'min_data_per_group': 24, 'cat_l2': 0.03512175732792625, 'cat_smooth': 59.56241765548436, 'max_cat_to_onehot': 31, 'lambda_l1': 0.6782859743712771, 'lambda_l2': 0.9020635371946518}. Best is trial 9 with value: 0.25664344685242513.
Trial 11 finished with value: 0.2642758857929137 and parameters: {'learning_rate': 0.005647845190024656, 'feature_fraction': 0.6109555747170158, 'bagging_fraction': 0.9978920590150118, 'bagging_freq': 1, 'num_leaves': 31, 'min_data_in_leaf': 2, 'extra_trees': True, 'min_data_per_group': 5, 'cat_l2': 0.6646745230859595, 'cat_smooth': 0.5200105656740905, 'max_cat_to_onehot': 100, 'lambda_l1': 0.626802761194109, 'lambda_l2': 0.12397122344732953}. Best is trial 9 with value: 0.25664344685242513.
Trial 12 finished with value: 0.2624519837174637 and parameters: {'learning_rate': 0.040851082831757854, 'feature_fraction': 0.4201515309606833, 'bagging_fraction': 0.8009689084570539, 'bagging_freq': 1, 'num_leaves': 35, 'min_data_in_leaf': 2, 'extra_trees': True, 'min_data_per_group': 3, 'cat_l2': 1.8004250998971125, 'cat_smooth': 39.53243359730517, 'max_cat_to_onehot': 89, 'lambda_l1': 0.11026153196286886, 'lambda_l2': 1.9941853776707827}. Best is trial 9 with value: 0.25664344685242513.
Trial 13 finished with value: 0.26061016511867907 and parameters: {'learning_rate': 0.05267254865701569, 'feature_fraction': 0.5820677805331348, 'bagging_fraction': 0.9915550598587023, 'bagging_freq': 1, 'num_leaves': 197, 'min_data_in_leaf': 3, 'extra_trees': True, 'min_data_per_group': 12, 'cat_l2': 0.3922763492495516, 'cat_smooth': 0.5317559349134247, 'max_cat_to_onehot': 61, 'lambda_l1': 0.7866492089828214, 'lambda_l2': 0.5355795634846516}. Best is trial 9 with value: 0.25664344685242513.
Trial 14 finished with value: 0.2573099415204678 and parameters: {'learning_rate': 0.025517451762695976, 'feature_fraction': 0.7694939650485174, 'bagging_fraction': 0.8096103955815079, 'bagging_freq': 1, 'num_leaves': 13, 'min_data_in_leaf': 1, 'extra_trees': True, 'min_data_per_group': 11, 'cat_l2': 0.32482253764627605, 'cat_smooth': 3.214282916224069, 'max_cat_to_onehot': 35, 'lambda_l1': 0.48170820452569146, 'lambda_l2': 1.032105674505173}. Best is trial 9 with value: 0.25664344685242513.
Trial 15 finished with value: 0.25696952757711267 and parameters: {'learning_rate': 0.02879451781736865, 'feature_fraction': 0.7670094841053429, 'bagging_fraction': 0.8075170854371625, 'bagging_freq': 1, 'num_leaves': 13, 'min_data_in_leaf': 1, 'extra_trees': True, 'min_data_per_group': 13, 'cat_l2': 0.18194691458798196, 'cat_smooth': 9.536460582143022, 'max_cat_to_onehot': 28, 'lambda_l1': 0.25122950814463707, 'lambda_l2': 1.154044612599375}. Best is trial 9 with value: 0.25664344685242513.
Trial 16 finished with value: 0.25666136337575973 and parameters: {'learning_rate': 0.061249934248671256, 'feature_fraction': 0.8065395608371824, 'bagging_fraction': 0.8003126062483137, 'bagging_freq': 1, 'num_leaves': 88, 'min_data_in_leaf': 1, 'extra_trees': True, 'min_data_per_group': 32, 'cat_l2': 0.07783956302874492, 'cat_smooth': 17.074237537505496, 'max_cat_to_onehot': 24, 'lambda_l1': 0.012354692201737738, 'lambda_l2': 1.3203734991280602}. Best is trial 9 with value: 0.25664344685242513.
Trial 17 finished with value: 0.25496287696365094 and parameters: {'learning_rate': 0.06543217283666979, 'feature_fraction': 0.8680188921430776, 'bagging_fraction': 0.7643638816959373, 'bagging_freq': 1, 'num_leaves': 80, 'min_data_in_leaf': 4, 'extra_trees': True, 'min_data_per_group': 42, 'cat_l2': 0.04386647286128269, 'cat_smooth': 95.74738509612254, 'max_cat_to_onehot': 22, 'lambda_l1': 0.015119709504524625, 'lambda_l2': 1.9556131501173084}. Best is trial 17 with value: 0.25496287696365094.
Trial 18 finished with value: 0.2511466574934067 and parameters: {'learning_rate': 0.06727689838862877, 'feature_fraction': 0.8906263704091597, 'bagging_fraction': 0.7419357544988882, 'bagging_freq': 1, 'num_leaves': 67, 'min_data_in_leaf': 4, 'extra_trees': True, 'min_data_per_group': 44, 'cat_l2': 0.0050300426248376905, 'cat_smooth': 89.56683652058133, 'max_cat_to_onehot': 44, 'lambda_l1': 0.8708318729549519, 'lambda_l2': 1.979814804697006}. Best is trial 18 with value: 0.2511466574934067.
Trial 19 finished with value: 0.2568011122577686 and parameters: {'learning_rate': 0.057788550345433815, 'feature_fraction': 0.9103230440014185, 'bagging_fraction': 0.745044247602433, 'bagging_freq': 1, 'num_leaves': 94, 'min_data_in_leaf': 5, 'extra_trees': True, 'min_data_per_group': 45, 'cat_l2': 0.005344693904884536, 'cat_smooth': 71.10481724190032, 'max_cat_to_onehot': 16, 'lambda_l1': 0.6035235948488149, 'lambda_l2': 1.9943613148757935}. Best is trial 18 with value: 0.2511466574934067.
Trial 20 finished with value: 0.260473999541337 and parameters: {'learning_rate': 0.09978856848177636, 'feature_fraction': 0.8721506061113702, 'bagging_fraction': 0.7524026590272916, 'bagging_freq': 1, 'num_leaves': 52, 'min_data_in_leaf': 20, 'extra_trees': True, 'min_data_per_group': 92, 'cat_l2': 0.02350230683132466, 'cat_smooth': 68.9868403986685, 'max_cat_to_onehot': 12, 'lambda_l1': 0.17104413108886954, 'lambda_l2': 1.8140941344607022}. Best is trial 18 with value: 0.2511466574934067.
Trial 21 finished with value: 0.25752135649581476 and parameters: {'learning_rate': 0.0705121009047069, 'feature_fraction': 0.9940555588558317, 'bagging_fraction': 0.7132617504359504, 'bagging_freq': 1, 'num_leaves': 58, 'min_data_in_leaf': 4, 'extra_trees': True, 'min_data_per_group': 43, 'cat_l2': 0.018690117890181525, 'cat_smooth': 26.85992321380709, 'max_cat_to_onehot': 23, 'lambda_l1': 0.8558917213590569, 'lambda_l2': 1.8016111843587486}. Best is trial 18 with value: 0.2511466574934067.
Trial 22 finished with value: 0.2525298130948286 and parameters: {'learning_rate': 0.04019244861368127, 'feature_fraction': 0.8306511135094778, 'bagging_fraction': 0.7733824676986939, 'bagging_freq': 1, 'num_leaves': 121, 'min_data_in_leaf': 10, 'extra_trees': True, 'min_data_per_group': 26, 'cat_l2': 0.005819377475650137, 'cat_smooth': 13.511969386986594, 'max_cat_to_onehot': 46, 'lambda_l1': 0.8677350198313825, 'lambda_l2': 1.784304848148085}. Best is trial 18 with value: 0.2511466574934067.
Trial 23 finished with value: 0.2520138172227955 and parameters: {'learning_rate': 0.040035358927723676, 'feature_fraction': 0.8368152325399638, 'bagging_fraction': 0.7735812598008176, 'bagging_freq': 1, 'num_leaves': 137, 'min_data_in_leaf': 11, 'extra_trees': True, 'min_data_per_group': 22, 'cat_l2': 0.005069850636203507, 'cat_smooth': 97.65654061982238, 'max_cat_to_onehot': 46, 'lambda_l1': 0.7176623508932312, 'lambda_l2': 1.802312510424506}. Best is trial 18 with value: 0.2511466574934067.
Trial 24 finished with value: 0.2558837862630432 and parameters: {'learning_rate': 0.035978326387406265, 'feature_fraction': 0.8092171543847237, 'bagging_fraction': 0.7815525113743186, 'bagging_freq': 1, 'num_leaves': 185, 'min_data_in_leaf': 11, 'extra_trees': True, 'min_data_per_group': 19, 'cat_l2': 0.005187536820571408, 'cat_smooth': 33.73454973486941, 'max_cat_to_onehot': 46, 'lambda_l1': 0.7371888217901498, 'lambda_l2': 1.768525487696305}. Best is trial 18 with value: 0.2511466574934067.
Trial 25 finished with value: 0.2551026258456599 and parameters: {'learning_rate': 0.03439662899149809, 'feature_fraction': 0.7179200147917167, 'bagging_fraction': 0.7293692178245365, 'bagging_freq': 1, 'num_leaves': 124, 'min_data_in_leaf': 11, 'extra_trees': True, 'min_data_per_group': 28, 'cat_l2': 0.008540060584659158, 'cat_smooth': 6.488662639279492, 'max_cat_to_onehot': 50, 'lambda_l1': 0.8555883727667907, 'lambda_l2': 1.7758331587916354}. Best is trial 18 with value: 0.2511466574934067.
Optuna Search Completed in: 7.42 seconds

Training final model on optimized parameter setup...

[LIGHTGBM FINALIZED METRICS]
Optimal Trees:         9
1-AUROC:             0.2331 (Delta to TabPFN: +0.0183)
Accuracy:             0.7600 (Delta to TabPFN: -0.0333)
Final Train Time:      0.00 seconds (0.0048s per 1K)
Final Infer Time:      0.00 seconds (0.0025s per 1K)

--- LIGHTGBM Feature Importance (Raw vs. Scaled Share) ---
Feature | Raw gain | Share
MonthsSinceLastDonation | 147.54 | 65.72%
NumberOfDonations | 54.16 | 24.12%
TotalBloodDonated | 15.65 | 6.97%
MonthsSinceFirstDonation | 7.16 | 3.19%

=====================================================================
METRIC TYPE                                  | VALUE / PROFILE
=====================================================================
Embedding Share                              | 0.00%
Raw Feature Share                            | 100.00%
---------------------------------------------------------------------
Active Text Embedding Density                | 0.00% (0/0)
Active Raw Tabular Feature Density           | 100.00% (4/4)
---------------------------------------------------------------------
Top-5 Concentration Ratio (CR5)              | 100.00% of total decision weight
Top-10 Concentration Ratio (CR10)            | 100.00% of total decision weight
=====================================================================

Total Pipeline Execution Time: 8.87 seconds

[SUCCESS] Permanent artifacts safely written to 'outputs/training-1/'
[W&B] Artifacts and localized metrics logged successfully for blood-transfusion-service-center_raw-only_lightgbm
