[W&B] Child process started for job: credit_card_clients_default_embed-only_lightgbm in group session-training-3
Loading archive 'archives/credit_card_clients_default.npz' and initializing pipeline for target: LIGHTGBM...
Execution Mode: EMBED-ONLY
Session Output Target: outputs/training-3/
Task Type: BINARY
TabPFN Baselines Loaded - Primary: 0.2133 | Secondary: 0.8218
PCA reduced text embeddings to 23 components.
Final training matrix shape assembled for EMBED-ONLY: (24000, 23)

Running 26-Trial Optuna Study for LIGHTGBM (EMBED-ONLY)...
A new study created in RDB with name: 20260624_163505_credit_card_clients_default_embed-only_lightgbm
Trial 0 finished with value: 0.21918793284676308 and parameters: {}. Best is trial 0 with value: 0.21918793284676308.
Trial 1 finished with value: 0.21524952565600863 and parameters: {'learning_rate': 0.015355286838886862, 'feature_fraction': 0.9704285838459497, 'bagging_fraction': 0.9195981825434215, 'bagging_freq': 1, 'num_leaves': 28, 'min_data_in_leaf': 1, 'extra_trees': False, 'min_data_per_group': 57, 'cat_l2': 0.18327672955935934, 'cat_smooth': 3.4702669886504163, 'max_cat_to_onehot': 8, 'lambda_l1': 0.9699128611767781, 'lambda_l2': 1.6649020373367633}. Best is trial 1 with value: 0.21524952565600863.
Trial 2 finished with value: 0.21517796256791777 and parameters: {'learning_rate': 0.009445600138094694, 'feature_fraction': 0.5090949803242604, 'bagging_fraction': 0.7550213529560301, 'bagging_freq': 1, 'num_leaves': 7, 'min_data_in_leaf': 6, 'extra_trees': False, 'min_data_per_group': 20, 'cat_l2': 0.01153297626310632, 'cat_smooth': 0.028888383623653185, 'max_cat_to_onehot': 19, 'lambda_l1': 0.4561243772186142, 'lambda_l2': 1.5703734051898879}. Best is trial 2 with value: 0.21517796256791777.
Trial 3 finished with value: 0.24174048338281984 and parameters: {'learning_rate': 0.009093929525644107, 'feature_fraction': 0.708540663048167, 'bagging_fraction': 0.8777243706586128, 'bagging_freq': 1, 'num_leaves': 2, 'min_data_in_leaf': 10, 'extra_trees': False, 'min_data_per_group': 81, 'cat_l2': 1.6278053965878447, 'cat_smooth': 11.015056790269638, 'max_cat_to_onehot': 17, 'lambda_l1': 0.09776234679498323, 'lambda_l2': 1.3684976297216627}. Best is trial 2 with value: 0.21517796256791777.
Trial 4 finished with value: 0.22929891361996046 and parameters: {'learning_rate': 0.01869052934095898, 'feature_fraction': 0.47322294090686734, 'bagging_fraction': 0.848553073033381, 'bagging_freq': 1, 'num_leaves': 2, 'min_data_in_leaf': 42, 'extra_trees': True, 'min_data_per_group': 6, 'cat_l2': 0.11277639166461569, 'cat_smooth': 0.5414413211338525, 'max_cat_to_onehot': 12, 'lambda_l1': 0.9695876693017821, 'lambda_l2': 1.550288133439893}. Best is trial 2 with value: 0.21517796256791777.
Trial 5 finished with value: 0.22265708434490894 and parameters: {'learning_rate': 0.08342309693146736, 'feature_fraction': 0.9368964102565893, 'bagging_fraction': 0.8793699936433255, 'bagging_freq': 1, 'num_leaves': 137, 'min_data_in_leaf': 1, 'extra_trees': False, 'min_data_per_group': 6, 'cat_l2': 0.0513253156994884, 'cat_smooth': 0.022737628102536857, 'max_cat_to_onehot': 64, 'lambda_l1': 0.3568176513609199, 'lambda_l2': 0.5619409259237927}. Best is trial 2 with value: 0.21517796256791777.
Trial 6 finished with value: 0.22544987679341655 and parameters: {'learning_rate': 0.025411709798607296, 'feature_fraction': 0.4845545349848576, 'bagging_fraction': 0.9406590942262119, 'bagging_freq': 1, 'num_leaves': 2, 'min_data_in_leaf': 61, 'extra_trees': False, 'min_data_per_group': 2, 'cat_l2': 0.6619871537619337, 'cat_smooth': 3.4220529032706923, 'max_cat_to_onehot': 50, 'lambda_l1': 0.7712932196512772, 'lambda_l2': 0.1481818990030073}. Best is trial 2 with value: 0.21517796256791777.
Trial 7 finished with value: 0.21350519649699073 and parameters: {'learning_rate': 0.014633380642745364, 'feature_fraction': 0.4695214357150779, 'bagging_fraction': 0.958931027762678, 'bagging_freq': 1, 'num_leaves': 32, 'min_data_in_leaf': 2, 'extra_trees': True, 'min_data_per_group': 6, 'cat_l2': 0.3957756313952873, 'cat_smooth': 1.5409457762881555, 'max_cat_to_onehot': 75, 'lambda_l1': 0.4722677036694331, 'lambda_l2': 0.23927653245200955}. Best is trial 7 with value: 0.21350519649699073.
Trial 8 finished with value: 0.2166917221069644 and parameters: {'learning_rate': 0.042356773126632795, 'feature_fraction': 0.8564710291701385, 'bagging_fraction': 0.8683831592708489, 'bagging_freq': 1, 'num_leaves': 65, 'min_data_in_leaf': 6, 'extra_trees': False, 'min_data_per_group': 2, 'cat_l2': 0.009543550367992308, 'cat_smooth': 0.0014359718569878096, 'max_cat_to_onehot': 39, 'lambda_l1': 0.314424545478219, 'lambda_l2': 1.017190525260289}. Best is trial 7 with value: 0.21350519649699073.
Trial 9 finished with value: 0.21558112325340473 and parameters: {'learning_rate': 0.07581256838789621, 'feature_fraction': 0.549575337489325, 'bagging_fraction': 0.8231148769106889, 'bagging_freq': 1, 'num_leaves': 61, 'min_data_in_leaf': 2, 'extra_trees': True, 'min_data_per_group': 3, 'cat_l2': 1.3124992669799407, 'cat_smooth': 10.979988817809668, 'max_cat_to_onehot': 39, 'lambda_l1': 0.871473444128699, 'lambda_l2': 1.607363786590539}. Best is trial 7 with value: 0.21350519649699073.
Trial 10 finished with value: 0.21555123957536848 and parameters: {'learning_rate': 0.005556572437269131, 'feature_fraction': 0.6839963928728011, 'bagging_fraction': 0.9908611332363597, 'bagging_freq': 1, 'num_leaves': 12, 'min_data_in_leaf': 19, 'extra_trees': True, 'min_data_per_group': 23, 'cat_l2': 0.03512175732792625, 'cat_smooth': 55.54162315706866, 'max_cat_to_onehot': 99, 'lambda_l1': 0.5905156421247704, 'lambda_l2': 0.02569074131920096}. Best is trial 7 with value: 0.21350519649699073.
Trial 11 finished with value: 0.2157471084486886 and parameters: {'learning_rate': 0.009352382491289198, 'feature_fraction': 0.6002283861259868, 'bagging_fraction': 0.7203460803287862, 'bagging_freq': 1, 'num_leaves': 7, 'min_data_in_leaf': 4, 'extra_trees': True, 'min_data_per_group': 14, 'cat_l2': 0.00561821534175459, 'cat_smooth': 0.09943409975940427, 'max_cat_to_onehot': 26, 'lambda_l1': 0.5412624450120793, 'lambda_l2': 0.8085306110777344}. Best is trial 7 with value: 0.21350519649699073.
Trial 12 finished with value: 0.21546285057435077 and parameters: {'learning_rate': 0.009012476656418454, 'feature_fraction': 0.4201515309606833, 'bagging_fraction': 0.7052567144818801, 'bagging_freq': 1, 'num_leaves': 8, 'min_data_in_leaf': 4, 'extra_trees': True, 'min_data_per_group': 20, 'cat_l2': 0.018806096425645128, 'cat_smooth': 0.011984658734205617, 'max_cat_to_onehot': 22, 'lambda_l1': 0.43064984086536995, 'lambda_l2': 1.9874339110718195}. Best is trial 7 with value: 0.21350519649699073.
Trial 13 finished with value: 0.21438292098661926 and parameters: {'learning_rate': 0.005200749658613804, 'feature_fraction': 0.592971667166432, 'bagging_fraction': 0.7729081913461301, 'bagging_freq': 1, 'num_leaves': 19, 'min_data_in_leaf': 2, 'extra_trees': True, 'min_data_per_group': 9, 'cat_l2': 0.3105952424415422, 'cat_smooth': 0.29663605169731416, 'max_cat_to_onehot': 91, 'lambda_l1': 0.1665257292678124, 'lambda_l2': 0.4439860443747}. Best is trial 7 with value: 0.21350519649699073.
Trial 14 finished with value: 0.21393115255526918 and parameters: {'learning_rate': 0.005167342748846679, 'feature_fraction': 0.6394564288266031, 'bagging_fraction': 0.7961428631062434, 'bagging_freq': 1, 'num_leaves': 24, 'min_data_in_leaf': 2, 'extra_trees': True, 'min_data_per_group': 7, 'cat_l2': 0.4251664843037042, 'cat_smooth': 0.2652032650731302, 'max_cat_to_onehot': 96, 'lambda_l1': 0.005724834002970164, 'lambda_l2': 0.4112641152360967}. Best is trial 7 with value: 0.21350519649699073.
Trial 15 finished with value: 0.21477134709006507 and parameters: {'learning_rate': 0.035804346942940164, 'feature_fraction': 0.7320512741295931, 'bagging_fraction': 0.8015450336404566, 'bagging_freq': 1, 'num_leaves': 39, 'min_data_in_leaf': 2, 'extra_trees': True, 'min_data_per_group': 4, 'cat_l2': 0.42940712277314197, 'cat_smooth': 0.9479218103657377, 'max_cat_to_onehot': 71, 'lambda_l1': 0.03640118275079507, 'lambda_l2': 0.35025257265455967}. Best is trial 7 with value: 0.21350519649699073.
Trial 16 finished with value: 0.21389425780253135 and parameters: {'learning_rate': 0.01793328314292978, 'feature_fraction': 0.8006754697504556, 'bagging_fraction': 0.9755512365489496, 'bagging_freq': 1, 'num_leaves': 124, 'min_data_in_leaf': 1, 'extra_trees': True, 'min_data_per_group': 10, 'cat_l2': 0.10117183733058448, 'cat_smooth': 0.1488331334408727, 'max_cat_to_onehot': 69, 'lambda_l1': 0.24909525228928697, 'lambda_l2': 0.7325357834253372}. Best is trial 7 with value: 0.21350519649699073.
Trial 17 finished with value: 0.21391365839779397 and parameters: {'learning_rate': 0.018231816360846424, 'feature_fraction': 0.823867883514643, 'bagging_fraction': 0.9993167698827531, 'bagging_freq': 1, 'num_leaves': 159, 'min_data_in_leaf': 1, 'extra_trees': True, 'min_data_per_group': 42, 'cat_l2': 0.09733187330027819, 'cat_smooth': 0.00357410606707736, 'max_cat_to_onehot': 57, 'lambda_l1': 0.6628463853060793, 'lambda_l2': 0.8180612420335402}. Best is trial 7 with value: 0.21350519649699073.
Trial 18 finished with value: 0.21355452387675422 and parameters: {'learning_rate': 0.013569141763946465, 'feature_fraction': 0.7943449398325466, 'bagging_fraction': 0.9476111377226468, 'bagging_freq': 1, 'num_leaves': 75, 'min_data_in_leaf': 1, 'extra_trees': True, 'min_data_per_group': 12, 'cat_l2': 0.17814532441052805, 'cat_smooth': 0.08347216184681973, 'max_cat_to_onehot': 39, 'lambda_l1': 0.1832721346617441, 'lambda_l2': 1.0902299827282056}. Best is trial 7 with value: 0.21350519649699073.
Trial 19 finished with value: 0.21406364415602597 and parameters: {'learning_rate': 0.012842792706357006, 'feature_fraction': 0.9007080888058857, 'bagging_fraction': 0.9321439282511754, 'bagging_freq': 1, 'num_leaves': 70, 'min_data_in_leaf': 1, 'extra_trees': True, 'min_data_per_group': 4, 'cat_l2': 0.20682589234550564, 'cat_smooth': 1.570818671763458, 'max_cat_to_onehot': 33, 'lambda_l1': 0.24080412649906552, 'lambda_l2': 1.1647101171223906}. Best is trial 7 with value: 0.21350519649699073.
Trial 20 finished with value: 0.21528864894647182 and parameters: {'learning_rate': 0.02952746544610048, 'feature_fraction': 0.75502740690996, 'bagging_fraction': 0.9483470058763934, 'bagging_freq': 1, 'num_leaves': 42, 'min_data_in_leaf': 3, 'extra_trees': True, 'min_data_per_group': 13, 'cat_l2': 0.9126110292522337, 'cat_smooth': 0.06299082039763404, 'max_cat_to_onehot': 46, 'lambda_l1': 0.7544023167486007, 'lambda_l2': 1.1065303989030333}. Best is trial 7 with value: 0.21350519649699073.
Trial 21 finished with value: 0.21428899220012276 and parameters: {'learning_rate': 0.021931497265962958, 'feature_fraction': 0.7969247646434086, 'bagging_fraction': 0.9659020515513788, 'bagging_freq': 1, 'num_leaves': 105, 'min_data_in_leaf': 1, 'extra_trees': True, 'min_data_per_group': 11, 'cat_l2': 0.07257369836428657, 'cat_smooth': 0.14296997338687562, 'max_cat_to_onehot': 79, 'lambda_l1': 0.17475586028289136, 'lambda_l2': 0.7267767109868923}. Best is trial 7 with value: 0.21350519649699073.
Trial 22 finished with value: 0.21387625011270406 and parameters: {'learning_rate': 0.01303029780497451, 'feature_fraction': 0.40015726738282775, 'bagging_fraction': 0.9166357743338474, 'bagging_freq': 1, 'num_leaves': 99, 'min_data_in_leaf': 1, 'extra_trees': True, 'min_data_per_group': 30, 'cat_l2': 0.18213477560308022, 'cat_smooth': 0.05012774268191704, 'max_cat_to_onehot': 59, 'lambda_l1': 0.28883863710269086, 'lambda_l2': 0.23038461800726207}. Best is trial 7 with value: 0.21350519649699073.
Trial 23 finished with value: 0.21364992122859483 and parameters: {'learning_rate': 0.012420536580442797, 'feature_fraction': 0.4001933765727732, 'bagging_fraction': 0.907759986340438, 'bagging_freq': 1, 'num_leaves': 86, 'min_data_in_leaf': 1, 'extra_trees': True, 'min_data_per_group': 30, 'cat_l2': 0.18974057073808417, 'cat_smooth': 0.0056021695479511425, 'max_cat_to_onehot': 30, 'lambda_l1': 0.4048487895053732, 'lambda_l2': 0.21386494827136382}. Best is trial 7 with value: 0.21350519649699073.
Trial 24 finished with value: 0.2135122340098683 and parameters: {'learning_rate': 0.011984752944165997, 'feature_fraction': 0.4585304196973555, 'bagging_fraction': 0.9041062678683935, 'bagging_freq': 1, 'num_leaves': 47, 'min_data_in_leaf': 2, 'extra_trees': True, 'min_data_per_group': 33, 'cat_l2': 0.2740996460723395, 'cat_smooth': 0.007840851801226432, 'max_cat_to_onehot': 27, 'lambda_l1': 0.4554591259350067, 'lambda_l2': 0.012205928478654121}. Best is trial 7 with value: 0.21350519649699073.
Trial 25 finished with value: 0.21342897210986922 and parameters: {'learning_rate': 0.006920852211294911, 'feature_fraction': 0.4609610150797579, 'bagging_fraction': 0.9025558822017603, 'bagging_freq': 1, 'num_leaves': 43, 'min_data_in_leaf': 3, 'extra_trees': True, 'min_data_per_group': 63, 'cat_l2': 0.49618816895525875, 'cat_smooth': 0.0016574704217877478, 'max_cat_to_onehot': 14, 'lambda_l1': 0.5424647795756331, 'lambda_l2': 0.050810661219009456}. Best is trial 25 with value: 0.21342897210986922.
Optuna Search Completed in: 208.60 seconds

Training final model on optimized parameter setup...

[LIGHTGBM FINALIZED METRICS]
Optimal Trees:         845
1-AUROC:             0.2205 (Delta to TabPFN: +0.0072)
Accuracy:             0.8192 (Delta to TabPFN: -0.0027)
Final Train Time:      1.59 seconds (0.0663s per 1K)
Final Infer Time:      0.05 seconds (0.0088s per 1K)

--- LIGHTGBM Feature Importance (Raw vs. Scaled Share) ---
Feature | Raw gain | Share
pca_embed_1 | 62592.84 | 15.96%
pca_embed_7 | 58617.39 | 14.94%
pca_embed_8 | 26703.26 | 6.81%
pca_embed_2 | 26251.07 | 6.69%
pca_embed_10 | 23105.49 | 5.89%
pca_embed_4 | 20006.12 | 5.10%
pca_embed_13 | 18261.67 | 4.66%
pca_embed_5 | 17921.73 | 4.57%
pca_embed_0 | 17310.67 | 4.41%
pca_embed_9 | 16289.95 | 4.15%
pca_embed_3 | 13357.04 | 3.40%
pca_embed_12 | 12896.08 | 3.29%
pca_embed_15 | 12278.16 | 3.13%
pca_embed_14 | 11230.15 | 2.86%
pca_embed_6 | 9567.27 | 2.44%
pca_embed_16 | 8708.08 | 2.22%
pca_embed_19 | 7791.65 | 1.99%
pca_embed_18 | 6707.99 | 1.71%
pca_embed_11 | 5452.80 | 1.39%
pca_embed_20 | 4599.26 | 1.17%
pca_embed_17 | 4488.24 | 1.14%
pca_embed_22 | 4450.65 | 1.13%
pca_embed_21 | 3707.43 | 0.95%

=====================================================================
METRIC TYPE                                  | VALUE / PROFILE
=====================================================================
Embedding Share                              | 100.00%
Raw Feature Share                            | 0.00%
---------------------------------------------------------------------
Active Text Embedding Density                | 100.00% (23/23)
Active Raw Tabular Feature Density           | 0.00% (0/0)
---------------------------------------------------------------------
Top-5 Concentration Ratio (CR5)              | 50.29% of total decision weight
Top-10 Concentration Ratio (CR10)            | 73.17% of total decision weight
=====================================================================

Total Pipeline Execution Time: 212.22 seconds

[SUCCESS] Permanent artifacts safely written to 'outputs/training-3/'
[W&B] Artifacts and localized metrics logged successfully for credit_card_clients_default_embed-only_lightgbm
