number,value,datetime_start,datetime_complete,duration,params_bagging_fraction,params_bagging_freq,params_cat_l2,params_cat_smooth,params_extra_trees,params_feature_fraction,params_lambda_l1,params_lambda_l2,params_learning_rate,params_max_cat_to_onehot,params_min_data_in_leaf,params_min_data_per_group,params_num_leaves,user_attrs_optimal_trees,system_attrs_fixed_params,state
0,0.21405423916434807,2026-06-24 16:28:01.842122,2026-06-24 16:28:03.826592,0 days 00:00:01.984470,,,,,,,,,,,,,,27,{},COMPLETE
1,0.21227186906968476,2026-06-24 16:28:03.843333,2026-06-24 16:28:10.854749,0 days 00:00:07.011416,0.9195981825434215,1.0,0.18327672955935934,3.4702669886504163,False,0.9704285838459497,0.9699128611767781,1.6649020373367633,0.015355286838886862,8.0,1.0,57.0,28.0,214,,COMPLETE
2,0.21016931860488808,2026-06-24 16:28:10.868872,2026-06-24 16:28:19.326843,0 days 00:00:08.457971,0.7550213529560301,1.0,0.01153297626310632,0.028888383623653185,False,0.5090949803242604,0.4561243772186142,1.5703734051898879,0.009445600138094694,19.0,6.0,20.0,7.0,986,,COMPLETE
3,0.21798878275927414,2026-06-24 16:28:19.341147,2026-06-24 16:28:25.375835,0 days 00:00:06.034688,0.8777243706586128,1.0,1.6278053965878447,11.015056790269638,False,0.708540663048167,0.09776234679498323,1.3684976297216627,0.009093929525644107,17.0,10.0,81.0,2.0,1000,,COMPLETE
4,0.21429238332630962,2026-06-24 16:28:25.386880,2026-06-24 16:28:30.694765,0 days 00:00:05.307885,0.848553073033381,1.0,0.11277639166461569,0.5414413211338525,True,0.47322294090686734,0.9695876693017821,1.550288133439893,0.01869052934095898,12.0,42.0,6.0,2.0,1000,,COMPLETE
5,0.21896775904421584,2026-06-24 16:28:30.705066,2026-06-24 16:28:38.546958,0 days 00:00:07.841892,0.8793699936433255,1.0,0.0513253156994884,0.022737628102536857,False,0.9368964102565893,0.3568176513609199,0.5619409259237927,0.08342309693146736,64.0,1.0,6.0,137.0,21,,COMPLETE
6,0.21244835256320216,2026-06-24 16:28:38.556732,2026-06-24 16:28:43.812400,0 days 00:00:05.255668,0.9406590942262119,1.0,0.6619871537619337,3.4220529032706923,False,0.4845545349848576,0.7712932196512772,0.1481818990030073,0.025411709798607296,50.0,61.0,2.0,2.0,1000,,COMPLETE
7,0.2099103516881926,2026-06-24 16:28:43.822373,2026-06-24 16:28:50.551495,0 days 00:00:06.729122,0.958931027762678,1.0,0.3957756313952873,1.5409457762881555,True,0.4695214357150779,0.4722677036694331,0.23927653245200955,0.014633380642745364,75.0,2.0,6.0,32.0,358,,COMPLETE
8,0.2130516042648306,2026-06-24 16:28:50.565905,2026-06-24 16:28:55.256192,0 days 00:00:04.690287,0.8683831592708489,1.0,0.009543550367992308,0.0014359718569878096,False,0.8564710291701385,0.314424545478219,1.017190525260289,0.042356773126632795,39.0,6.0,2.0,65.0,40,,COMPLETE
9,0.21059242551709056,2026-06-24 16:28:55.266544,2026-06-24 16:28:58.746926,0 days 00:00:03.480382,0.8231148769106889,1.0,1.3124992669799407,10.979988817809668,True,0.549575337489325,0.871473444128699,1.607363786590539,0.07581256838789621,39.0,2.0,3.0,61.0,68,,COMPLETE
10,0.2095903779598739,2026-06-24 16:28:58.756812,2026-06-24 16:29:09.333142,0 days 00:00:10.576330,0.9908611332363597,1.0,0.03512175732792625,55.54162315706866,True,0.6839963928728011,0.5905156421247704,0.02569074131920096,0.005556572437269131,99.0,19.0,23.0,12.0,1000,,COMPLETE
11,0.2095484893785181,2026-06-24 16:29:09.346422,2026-06-24 16:29:20.418559,0 days 00:00:11.072137,0.9984567420564903,1.0,0.03352561511977935,52.38654328518467,True,0.6606137630538468,0.6091129560474012,0.07101727097318089,0.005738601544760158,100.0,21.0,22.0,14.0,1000,,COMPLETE
12,0.21058845253380776,2026-06-24 16:29:20.432922,2026-06-24 16:29:29.472915,0 days 00:00:09.039993,0.998616078450363,1.0,0.02676229286869991,55.53187773415999,True,0.6845696095993247,0.6520293429889962,0.03804429992316361,0.005255135061222826,100.0,15.0,23.0,8.0,1000,,COMPLETE
13,0.21019885293088725,2026-06-24 16:29:29.484408,2026-06-24 16:29:39.458612,0 days 00:00:09.974204,0.9985353113769252,1.0,0.02914770065052806,54.968351402679744,True,0.6433675493110087,0.6360410952129852,0.5758898080001819,0.0052007496586138,99.0,23.0,22.0,10.0,1000,,COMPLETE
14,0.20947159735376664,2026-06-24 16:29:39.470057,2026-06-24 16:29:51.321676,0 days 00:00:11.851619,0.9605080248750977,1.0,0.0055838132272772,89.40824084383351,True,0.7842567150859745,0.6293657331632125,0.43579878177655923,0.008291154641249288,66.0,26.0,36.0,15.0,993,,COMPLETE
15,0.20973137687136179,2026-06-24 16:29:51.335259,2026-06-24 16:30:00.573247,0 days 00:00:09.237988,0.9191796543739653,1.0,0.005218266243290512,98.95687836909025,True,0.789808277976172,0.7590091192238623,0.5099076817503314,0.009006824541820979,57.0,32.0,43.0,19.0,626,,COMPLETE
16,0.2103193419777224,2026-06-24 16:30:00.583094,2026-06-24 16:30:08.308427,0 days 00:00:07.725333,0.9536838094740959,1.0,0.012599761298789734,13.913687550905898,True,0.8006754697504556,0.1534697740965012,0.8564879463764338,0.008541974033044039,36.0,9.0,14.0,5.0,998,,COMPLETE
17,0.21258302923067318,2026-06-24 16:30:08.318635,2026-06-24 16:30:15.303987,0 days 00:00:06.985352,0.7302637689507951,1.0,0.0051403684949410345,0.39275971610008603,True,0.5900247595210185,0.5174008299575452,0.368761934623266,0.00711312416489645,29.0,64.0,42.0,4.0,1000,,COMPLETE
18,0.20910367588306333,2026-06-24 16:30:15.314383,2026-06-24 16:30:24.584764,0 days 00:00:09.270381,0.9643124071190241,1.0,0.08779014162252392,17.909590801852687,True,0.40697257697653194,0.751043668449405,0.9016041093554354,0.01279138745234178,72.0,12.0,12.0,18.0,760,,COMPLETE
19,0.20961442333130176,2026-06-24 16:30:24.599652,2026-06-24 16:30:29.618361,0 days 00:00:05.018709,0.9198576750164335,1.0,0.08539018945161402,15.522445905014141,True,0.42321377900418167,0.7471128906509754,0.9258264751984994,0.030539550602294446,69.0,4.0,11.0,28.0,275,,COMPLETE
20,0.2096516011892584,2026-06-24 16:30:29.628327,2026-06-24 16:30:39.766480,0 days 00:00:10.138153,0.8024056473923528,1.0,0.47049926863884095,0.12708454827968144,True,0.40708549711617636,0.8474979242976672,1.1888967697415755,0.013636349552661606,48.0,13.0,10.0,52.0,468,,COMPLETE
21,0.20969904340355416,2026-06-24 16:30:39.776387,2026-06-24 16:30:47.653979,0 days 00:00:07.877592,0.9721288030210008,1.0,0.19215404934775343,26.246134283664617,True,0.7677622016034291,0.6692944851241557,0.7045622104514444,0.01199035789012172,77.0,31.0,35.0,18.0,531,,COMPLETE
22,0.20952301996686784,2026-06-24 16:30:47.664942,2026-06-24 16:30:59.221249,0 days 00:00:11.556307,0.9668898771795352,1.0,0.06690789966352499,4.498684155633987,True,0.8941009160324591,0.5542176937026233,0.3066295199666763,0.006909618816727637,76.0,23.0,15.0,16.0,828,,COMPLETE
23,0.20991111514007066,2026-06-24 16:30:59.230891,2026-06-24 16:31:08.630552,0 days 00:00:09.399661,0.9396270748044631,1.0,0.06978836031206005,3.1294085454663114,True,0.8950315435053459,0.3752146946593728,0.337935663012418,0.011126701166036451,55.0,39.0,13.0,39.0,398,,COMPLETE
24,0.2093629566729297,2026-06-24 16:31:08.640574,2026-06-24 16:31:21.337215,0 days 00:00:12.696641,0.8994405532596959,1.0,0.15827403820969274,6.160590392522445,True,0.872273535272476,0.5475759625136277,0.7806606523017536,0.007013352371673472,80.0,9.0,8.0,19.0,966,,COMPLETE
25,0.2102766029044253,2026-06-24 16:31:21.346506,2026-06-24 16:31:30.465088,0 days 00:00:09.118582,0.9024637242460007,1.0,0.1950166973414365,0.7387146669170904,True,0.8384368257343957,0.8486250208759731,0.7376768981525319,0.018265807224842424,29.0,6.0,8.0,107.0,189,,COMPLETE
