number,value,datetime_start,datetime_complete,duration,params_bagging_fraction,params_bagging_freq,params_cat_l2,params_cat_smooth,params_extra_trees,params_feature_fraction,params_lambda_l1,params_lambda_l2,params_learning_rate,params_max_cat_to_onehot,params_min_data_in_leaf,params_min_data_per_group,params_num_leaves,user_attrs_optimal_trees,system_attrs_fixed_params,state
0,0.2078099064783847,2026-06-24 16:12:25.699126,2026-06-24 16:12:26.314341,0 days 00:00:00.615215,,,,,,,,,,,,,,24,{},COMPLETE
1,0.2015639101236928,2026-06-24 16:12:26.329067,2026-06-24 16:12:28.822283,0 days 00:00:02.493216,0.9195981825434215,1.0,0.18327672955935934,3.4702669886504163,False,0.9704285838459497,0.9699128611767781,1.6649020373367633,0.015355286838886862,8.0,1.0,57.0,28.0,252,,COMPLETE
2,0.1882801965546531,2026-06-24 16:12:28.835249,2026-06-24 16:12:29.282163,0 days 00:00:00.446914,0.7550213529560301,1.0,0.01153297626310632,0.028888383623653185,False,0.5090949803242604,0.4561243772186142,1.5703734051898879,0.009445600138094694,19.0,6.0,20.0,7.0,105,,COMPLETE
3,0.19109713982675935,2026-06-24 16:12:29.295781,2026-06-24 16:12:30.028813,0 days 00:00:00.733032,0.8777243706586128,1.0,1.6278053965878447,11.015056790269638,False,0.708540663048167,0.09776234679498323,1.3684976297216627,0.009093929525644107,17.0,10.0,81.0,2.0,984,,COMPLETE
4,0.1832184220771178,2026-06-24 16:12:30.038093,2026-06-24 16:12:30.741158,0 days 00:00:00.703065,0.848553073033381,1.0,0.11277639166461569,0.5414413211338525,True,0.47322294090686734,0.9695876693017821,1.550288133439893,0.01869052934095898,12.0,42.0,6.0,2.0,979,,COMPLETE
5,0.2070698459149546,2026-06-24 16:12:30.754568,2026-06-24 16:12:33.635832,0 days 00:00:02.881264,0.8793699936433255,1.0,0.0513253156994884,0.022737628102536857,False,0.9368964102565893,0.3568176513609199,0.5619409259237927,0.08342309693146736,64.0,1.0,6.0,137.0,63,,COMPLETE
6,0.18337027304418607,2026-06-24 16:12:33.644689,2026-06-24 16:12:34.217785,0 days 00:00:00.573096,0.9406590942262119,1.0,0.6619871537619337,3.4220529032706923,False,0.4845545349848576,0.7712932196512772,0.1481818990030073,0.025411709798607296,50.0,61.0,2.0,2.0,761,,COMPLETE
7,0.18222748668400834,2026-06-24 16:12:34.226774,2026-06-24 16:12:35.539450,0 days 00:00:01.312676,0.958931027762678,1.0,0.3957756313952873,1.5409457762881555,True,0.4695214357150779,0.4722677036694331,0.23927653245200955,0.014633380642745364,75.0,2.0,6.0,32.0,277,,COMPLETE
8,0.21028463484985227,2026-06-24 16:12:35.551882,2026-06-24 16:12:38.194006,0 days 00:00:02.642124,0.8683831592708489,1.0,0.009543550367992308,0.0014359718569878096,False,0.8564710291701385,0.314424545478219,1.017190525260289,0.042356773126632795,39.0,6.0,2.0,65.0,104,,COMPLETE
9,0.18476390658455877,2026-06-24 16:12:38.203600,2026-06-24 16:12:38.636773,0 days 00:00:00.433173,0.8231148769106889,1.0,1.3124992669799407,10.979988817809668,True,0.549575337489325,0.871473444128699,1.607363786590539,0.07581256838789621,39.0,2.0,3.0,61.0,42,,COMPLETE
10,0.18294079360655457,2026-06-24 16:12:38.646721,2026-06-24 16:12:40.830058,0 days 00:00:02.183337,0.9908611332363597,1.0,0.03512175732792625,55.54162315706866,True,0.6839963928728011,0.5905156421247704,0.02569074131920096,0.005556572437269131,99.0,19.0,23.0,12.0,661,,COMPLETE
11,0.18532797265134215,2026-06-24 16:12:40.840006,2026-06-24 16:12:42.122815,0 days 00:00:01.282809,0.9984567420564903,1.0,0.03352561511977935,52.38654328518467,True,0.6606137630538468,0.6091129560474012,0.07101727097318089,0.005738601544760158,100.0,21.0,22.0,14.0,342,,COMPLETE
12,0.18632151815575737,2026-06-24 16:12:42.132729,2026-06-24 16:12:42.728804,0 days 00:00:00.596075,0.9979535080856271,1.0,0.2848884235393859,0.305128880331871,True,0.6537243008275448,0.6091933662784068,0.4702775475535603,0.005311126596497428,100.0,3.0,16.0,9.0,130,,COMPLETE
13,0.18437212445364626,2026-06-24 16:12:42.737784,2026-06-24 16:12:43.167911,0 days 00:00:00.430127,0.9503189177548768,1.0,0.029147700650528047,41.27630723964667,True,0.7644768432606033,0.5896395419955747,0.44189377158627724,0.009804783701770422,69.0,16.0,9.0,25.0,11,,COMPLETE
14,0.1811780947514643,2026-06-24 16:12:43.177643,2026-06-24 16:12:43.681110,0 days 00:00:00.503467,0.9663694231027784,1.0,0.005667458634051511,0.2652032650731302,True,0.6008310171315095,0.17045177131759753,0.8205113658730294,0.033107564937455515,68.0,3.0,36.0,6.0,170,,COMPLETE
15,0.18478875794093175,2026-06-24 16:12:43.738109,2026-06-24 16:12:44.122730,0 days 00:00:00.384621,0.9210095278538653,1.0,0.005430648942847082,0.1515301900271508,True,0.41633141583471817,0.03640118275079507,0.8991625014807574,0.035804346942940164,28.0,2.0,39.0,5.0,147,,COMPLETE
16,0.1824446733821734,2026-06-24 16:12:44.131049,2026-06-24 16:12:44.523727,0 days 00:00:00.392678,0.9560750840212519,1.0,0.35096256635015266,0.9486976016049646,True,0.5713818485735501,0.2789881298449375,0.9347315117311613,0.04452413530237096,63.0,3.0,11.0,4.0,211,,COMPLETE
17,0.1841887475447258,2026-06-24 16:12:44.532421,2026-06-24 16:12:45.631875,0 days 00:00:01.099454,0.7302637689507951,1.0,0.0823288321877385,0.06016682737339128,True,0.593021856127891,0.10050513311973884,0.6932644219553425,0.018231816360846424,41.0,1.0,42.0,26.0,125,,COMPLETE
18,0.18165167511634905,2026-06-24 16:12:45.641267,2026-06-24 16:12:46.548995,0 days 00:00:00.907728,0.8041071561413504,1.0,0.015941233488464924,0.00435218614867589,True,0.40697257697653194,0.16032232715008218,1.2323697817999832,0.029213222425816865,72.0,4.0,4.0,153.0,157,,COMPLETE
19,0.18512122639840034,2026-06-24 16:12:46.557756,2026-06-24 16:12:47.262944,0 days 00:00:00.705188,0.7785312168022942,1.0,0.01257768327686306,0.0022553584315960595,True,0.4136224615388846,0.2035090291793757,1.243798841621154,0.02980287822300488,30.0,5.0,4.0,190.0,108,,COMPLETE
20,0.18754037930668366,2026-06-24 16:12:47.272297,2026-06-24 16:12:47.941972,0 days 00:00:00.669675,0.8023759188169515,1.0,0.0050395128550761205,0.006637430525114698,True,0.7718995459893566,0.18415137040051208,1.8504258529746171,0.056649098282496736,48.0,4.0,37.0,82.0,54,,COMPLETE
21,0.1823300441506963,2026-06-24 16:12:47.951510,2026-06-24 16:12:48.555867,0 days 00:00:00.604357,0.7132617504359504,1.0,0.01972061160962716,1.9271014884020081,True,0.4075230968718215,0.45094013326189525,1.2087289989599428,0.023575698997764932,77.0,2.0,4.0,37.0,114,,COMPLETE
22,0.18332783108598327,2026-06-24 16:12:48.565164,2026-06-24 16:12:49.624812,0 days 00:00:01.059648,0.90907480529635,1.0,0.008214997476920227,0.1484769263885131,True,0.47801820545808016,0.014444425803848054,0.3243234083865367,0.012224509834141318,73.0,9.0,8.0,111.0,123,,COMPLETE
23,0.18535146365309407,2026-06-24 16:12:49.634347,2026-06-24 16:12:50.607749,0 days 00:00:00.973402,0.9694717187140801,1.0,0.01833631998016644,0.0070710455457137795,True,0.6122023933073145,0.4522011852748322,0.7983865781045474,0.0541285522342414,53.0,2.0,94.0,42.0,135,,COMPLETE
24,0.1849291620215534,2026-06-24 16:12:50.617058,2026-06-24 16:12:51.221253,0 days 00:00:00.604195,0.822669031244432,1.0,0.9492127779711166,0.007840851801226432,True,0.5284210794189191,0.19400323353704838,1.120220770664985,0.029757940684334468,80.0,1.0,3.0,17.0,76,,COMPLETE
25,0.1819913490293925,2026-06-24 16:12:51.231423,2026-06-24 16:12:51.990578,0 days 00:00:00.759155,0.9022948262659134,1.0,0.0793600129260736,9.416956510439745,True,0.4526690015764605,0.3643049473258436,1.380470090183505,0.014541593130531005,57.0,3.0,13.0,4.0,560,,COMPLETE
