Trial 43 finished with value: 0.44890401181949857 and parameters: {'learning_rate': 0.012158364790895911, 'feature_fraction': 0.4123827018139752, 'bagging_fraction': 0.7138079027969572, 'bagging_freq': 1, 'num_leaves': 34, 'min_data_in_leaf': 4, 'extra_trees': True, 'min_data_per_group': 18, 'cat_l2': 0.0348822011936836, 'cat_smooth': 0.04444800867222332, 'max_cat_to_onehot': 21, 'lambda_l1': 0.508370966734569, 'lambda_l2': 1.8727910133314012}. Best is trial 33 with value: 0.4467279401679224.
Trial 44 finished with value: 0.4480682989538904 and parameters: {'learning_rate': 0.047204397434246856, 'feature_fraction': 0.603365179422368, 'bagging_fraction': 0.7892301139692458, 'bagging_freq': 1, 'num_leaves': 28, 'min_data_in_leaf': 12, 'extra_trees': True, 'min_data_per_group': 7, 'cat_l2': 0.012899639506113524, 'cat_smooth': 6.9666864635506105, 'max_cat_to_onehot': 33, 'lambda_l1': 0.9352116010433309, 'lambda_l2': 1.777741981848954}. Best is trial 33 with value: 0.4467279401679224.
Trial 45 finished with value: 0.46286160155219225 and parameters: {'learning_rate': 0.09450587265265248, 'feature_fraction': 0.5119750475691798, 'bagging_fraction': 0.7432393027612069, 'bagging_freq': 1, 'num_leaves': 6, 'min_data_in_leaf': 3, 'extra_trees': False, 'min_data_per_group': 2, 'cat_l2': 0.028868079257314667, 'cat_smooth': 0.2652334092270607, 'max_cat_to_onehot': 29, 'lambda_l1': 0.44812229066477277, 'lambda_l2': 1.926335209010219}. Best is trial 33 with value: 0.4467279401679224.
Trial 46 finished with value: 0.4575699535427679 and parameters: {'learning_rate': 0.061006346919168467, 'feature_fraction': 0.4698746362621301, 'bagging_fraction': 0.7008504024889715, 'bagging_freq': 1, 'num_leaves': 139, 'min_data_in_leaf': 46, 'extra_trees': True, 'min_data_per_group': 5, 'cat_l2': 0.06326118467370302, 'cat_smooth': 0.003464583639638562, 'max_cat_to_onehot': 47, 'lambda_l1': 0.35233891174417264, 'lambda_l2': 0.2633398457791972}. Best is trial 33 with value: 0.4467279401679224.
Trial 47 finished with value: 0.45002026596992273 and parameters: {'learning_rate': 0.07942764072580584, 'feature_fraction': 0.4960502987717068, 'bagging_fraction': 0.769105013088251, 'bagging_freq': 1, 'num_leaves': 89, 'min_data_in_leaf': 5, 'extra_trees': True, 'min_data_per_group': 21, 'cat_l2': 0.009778330889507338, 'cat_smooth': 97.1437045326971, 'max_cat_to_onehot': 42, 'lambda_l1': 0.7632705556731558, 'lambda_l2': 1.741259424381615}. Best is trial 33 with value: 0.4467279401679224.
Trial 48 finished with value: 0.44974334559128676 and parameters: {'learning_rate': 0.03145940958818507, 'feature_fraction': 0.550298234552753, 'bagging_fraction': 0.9375520661360266, 'bagging_freq': 1, 'num_leaves': 57, 'min_data_in_leaf': 18, 'extra_trees': True, 'min_data_per_group': 3, 'cat_l2': 0.02122128085680366, 'cat_smooth': 0.01642483809178148, 'max_cat_to_onehot': 24, 'lambda_l1': 0.6799439222031876, 'lambda_l2': 1.1981971871824544}. Best is trial 33 with value: 0.4467279401679224.
Trial 49 finished with value: 0.4700299190891425 and parameters: {'learning_rate': 0.023016066536988244, 'feature_fraction': 0.603526522127754, 'bagging_fraction': 0.8540790159164289, 'bagging_freq': 1, 'num_leaves': 17, 'min_data_in_leaf': 1, 'extra_trees': False, 'min_data_per_group': 12, 'cat_l2': 0.014819416227990722, 'cat_smooth': 0.11993171015630298, 'max_cat_to_onehot': 68, 'lambda_l1': 0.621489278344748, 'lambda_l2': 1.532707696705567}. Best is trial 33 with value: 0.4467279401679224.
Optuna Search Completed in: 254.36 seconds

Training final model on optimized parameter setup...

[LIGHTGBM FINALIZED METRICS]
Optimal Trees:         121
Log_Loss:             0.4330 (Delta to TabPFN: -0.0211)
Accuracy:            0.8853 (Delta to TabPFN: -0.0059)
Final Train Time:      0.52 seconds

--- LIGHTGBM Feature Importance (Raw vs. Scaled Share) ---
Feature | Raw gain | Share
pca_embed_0 | 2544.20 | 17.66%
NA_R_3_n | 1160.28 | 8.05%
NOT_NA_3_n | 774.67 | 5.38%
R_AB_3_n | 544.87 | 3.78%
NA_R_2_n | 475.11 | 3.30%
L_BLOOD | 309.24 | 2.15%
D_AD_ORIT | 280.23 | 1.95%
S_AD_ORIT | 274.36 | 1.90%
NITR_S | 261.81 | 1.82%
R_AB_2_n | 228.53 | 1.59%
ALT_BLOOD | 226.70 | 1.57%
NA_KB | 199.78 | 1.39%
ZSN_A | 189.81 | 1.32%
pca_embed_8 | 187.89 | 1.30%
GEPAR_S_n | 183.16 | 1.27%
K_SH_POST | 182.49 | 1.27%
NOT_NA_2_n | 178.15 | 1.24%
AGE | 174.50 | 1.21%
SEX | 174.41 | 1.21%
NA_BLOOD | 171.34 | 1.19%
pca_embed_2 | 167.30 | 1.16%
pca_embed_17 | 163.61 | 1.14%
pca_embed_6 | 161.31 | 1.12%
ROE | 160.91 | 1.12%
pca_embed_4 | 157.45 | 1.09%
D_AD_KBRIG | 155.54 | 1.08%
ASP_S_n | 155.39 | 1.08%
S_AD_KBRIG | 154.89 | 1.08%
NOT_NA_KB | 151.01 | 1.05%
GIPO_K | 150.71 | 1.05%
INF_ANAM | 142.48 | 0.99%
zab_leg_02 | 142.17 | 0.99%
K_BLOOD | 140.65 | 0.98%
pca_embed_16 | 140.52 | 0.98%
pca_embed_11 | 136.20 | 0.95%
IBS_POST | 136.04 | 0.94%
pca_embed_1 | 131.12 | 0.91%
pca_embed_3 | 130.02 | 0.90%
endocr_01 | 123.40 | 0.86%
AST_BLOOD | 122.85 | 0.85%
LID_S_n | 110.79 | 0.77%
pca_embed_15 | 110.23 | 0.77%
TRENT_S_n | 105.51 | 0.73%
pca_embed_7 | 101.51 | 0.70%
LID_KB | 100.66 | 0.70%
IM_PG_P | 92.35 | 0.64%
pca_embed_5 | 91.99 | 0.64%
ant_im | 89.52 | 0.62%
O_L_POST | 81.27 | 0.56%
pca_embed_13 | 79.51 | 0.55%
ritm_ecg_p_07 | 79.21 | 0.55%
ritm_ecg_p_01 | 77.85 | 0.54%
FK_STENOK | 76.56 | 0.53%
ANT_CA_S_n | 73.77 | 0.51%
pca_embed_10 | 72.09 | 0.50%
inf_im | 69.35 | 0.48%
lat_im | 67.95 | 0.47%
pca_embed_14 | 64.63 | 0.45%
B_BLOK_S_n | 60.38 | 0.42%
MP_TP_POST | 60.21 | 0.42%
pca_embed_19 | 56.14 | 0.39%
n_r_ecg_p_03 | 55.51 | 0.39%
pca_embed_12 | 55.50 | 0.39%
n_p_ecg_p_12 | 53.92 | 0.37%
R_AB_1_n | 48.63 | 0.34%
ritm_ecg_p_02 | 47.34 | 0.33%
pca_embed_18 | 46.86 | 0.33%
pca_embed_9 | 42.34 | 0.29%
NA_R_1_n | 41.58 | 0.29%
endocr_02 | 40.22 | 0.28%
NOT_NA_1_n | 39.29 | 0.27%
TIME_B_S | 38.75 | 0.27%
n_r_ecg_p_01 | 36.71 | 0.25%
zab_leg_01 | 36.44 | 0.25%
GIPER_NA | 35.89 | 0.25%
DLIT_AG | 34.44 | 0.24%
n_r_ecg_p_05 | 33.49 | 0.23%
zab_leg_03 | 32.70 | 0.23%
STENOK_AN | 32.30 | 0.22%
SIM_GIPERT | 31.98 | 0.22%
GB | 31.48 | 0.22%
post_im | 26.10 | 0.18%
nr_03 | 24.75 | 0.17%
n_p_ecg_p_07 | 22.81 | 0.16%
nr_04 | 22.32 | 0.15%
ritm_ecg_p_06 | 16.86 | 0.12%
n_r_ecg_p_04 | 11.93 | 0.08%
n_p_ecg_p_03 | 8.81 | 0.06%
TIKL_S_n | 7.21 | 0.05%
n_p_ecg_p_10 | 6.83 | 0.05%
ritm_ecg_p_04 | 6.79 | 0.05%
ritm_ecg_p_08 | 6.19 | 0.04%
fibr_ter_03 | 6.09 | 0.04%
n_r_ecg_p_06 | 5.90 | 0.04%
np_05 | 5.45 | 0.04%
FIB_G_POST | 5.31 | 0.04%
np_08 | 5.21 | 0.04%
np_01 | 5.05 | 0.04%
n_p_ecg_p_08 | 4.52 | 0.03%
n_p_ecg_p_09 | 3.82 | 0.03%
n_r_ecg_p_08 | 3.02 | 0.02%
fibr_ter_06 | 2.76 | 0.02%
endocr_03 | 1.94 | 0.01%
np_04 | 1.74 | 0.01%
nr_02 | 1.53 | 0.01%
n_p_ecg_p_06 | 1.45 | 0.01%
n_p_ecg_p_11 | 1.14 | 0.01%
fibr_ter_08 | 1.02 | 0.01%
n_r_ecg_p_02 | 1.00 | 0.01%
n_p_ecg_p_05 | 0.98 | 0.01%
n_p_ecg_p_01 | 0.93 | 0.01%
nr_11 | 0.81 | 0.01%
np_09 | 0.76 | 0.01%
zab_leg_04 | 0.64 | 0.00%
n_r_ecg_p_09 | 0.62 | 0.00%
SVT_POST | 0.62 | 0.00%
fibr_ter_02 | 0.45 | 0.00%
n_p_ecg_p_04 | 0.44 | 0.00%
np_10 | 0.16 | 0.00%
IBS_NASL | 0.00 | 0.00%
nr_01 | 0.00 | 0.00%
nr_07 | 0.00 | 0.00%
nr_08 | 0.00 | 0.00%
np_07 | 0.00 | 0.00%
zab_leg_06 | 0.00 | 0.00%
GT_POST | 0.00 | 0.00%
n_r_ecg_p_10 | 0.00 | 0.00%
fibr_ter_01 | 0.00 | 0.00%
fibr_ter_05 | 0.00 | 0.00%
fibr_ter_07 | 0.00 | 0.00%
KFK_BLOOD | 0.00 | 0.00%

=====================================================================
METRIC TYPE                                  | VALUE / PROFILE
=====================================================================
Macro Embedding Share                        | 32.21%
Macro Raw Feature Share                      | 67.79%
---------------------------------------------------------------------
Active Text Embedding Density            | 100.00% (20/20)
Active Raw Tabular Feature Density       | 89.19% (99/111)
---------------------------------------------------------------------
Top-5 Concentration Ratio (CR5)          | 38.17% of total decision weight
Top-10 Concentration Ratio (CR10)        | 47.57% of total decision weight
=====================================================================

Total Pipeline Execution Time: 257.66 seconds

[SUCCESS] Permanent artifacts safely written to 'outputs/1/results/'
