number,value,datetime_start,datetime_complete,duration,params_bagging_fraction,params_bagging_freq,params_cat_l2,params_cat_smooth,params_extra_trees,params_feature_fraction,params_lambda_l1,params_lambda_l2,params_learning_rate,params_max_cat_to_onehot,params_min_data_in_leaf,params_min_data_per_group,params_num_leaves,user_attrs_optimal_trees,system_attrs_fixed_params,state
0,0.20007834757834764,2026-06-24 15:52:06.745563,2026-06-24 15:52:07.286362,0 days 00:00:00.540799,,,,,,,,,,,,,,18,{},COMPLETE
1,0.19152421652421658,2026-06-24 15:52:07.301489,2026-06-24 15:52:09.049525,0 days 00:00:01.748036,0.9195981825434215,1.0,0.18327672955935934,3.4702669886504163,False,0.9704285838459497,0.9699128611767781,1.6649020373367633,0.015355286838886862,8.0,1.0,57.0,28.0,146,,COMPLETE
2,0.18714031339031334,2026-06-24 15:52:09.062137,2026-06-24 15:52:09.848812,0 days 00:00:00.786675,0.7550213529560301,1.0,0.01153297626310632,0.028888383623653185,False,0.5090949803242604,0.4561243772186142,1.5703734051898879,0.009445600138094694,19.0,6.0,20.0,7.0,299,,COMPLETE
3,0.18515313390313393,2026-06-24 15:52:09.861897,2026-06-24 15:52:10.211690,0 days 00:00:00.349793,0.8777243706586128,1.0,1.6278053965878447,11.015056790269638,False,0.708540663048167,0.09776234679498323,1.3684976297216627,0.009093929525644107,17.0,10.0,81.0,2.0,412,,COMPLETE
4,0.1761538461538461,2026-06-24 15:52:10.225830,2026-06-24 15:52:10.416803,0 days 00:00:00.190973,0.848553073033381,1.0,0.11277639166461569,0.5414413211338525,True,0.47322294090686734,0.9695876693017821,1.550288133439893,0.01869052934095898,12.0,42.0,6.0,2.0,188,,COMPLETE
5,0.19603276353276355,2026-06-24 15:52:10.433445,2026-06-24 15:52:12.106964,0 days 00:00:01.673519,0.8793699936433255,1.0,0.0513253156994884,0.022737628102536857,False,0.9368964102565893,0.3568176513609199,0.5619409259237927,0.08342309693146736,64.0,1.0,6.0,137.0,97,,COMPLETE
6,0.1860042735042735,2026-06-24 15:52:12.115722,2026-06-24 15:52:12.297617,0 days 00:00:00.181895,0.9406590942262119,1.0,0.6619871537619337,3.4220529032706923,False,0.4845545349848576,0.7712932196512772,0.1481818990030073,0.025411709798607296,50.0,61.0,2.0,2.0,160,,COMPLETE
7,0.175519943019943,2026-06-24 15:52:12.306223,2026-06-24 15:52:13.205083,0 days 00:00:00.898860,0.958931027762678,1.0,0.3957756313952873,1.5409457762881555,True,0.4695214357150779,0.4722677036694331,0.23927653245200955,0.014633380642745364,75.0,2.0,6.0,32.0,107,,COMPLETE
8,0.18791666666666662,2026-06-24 15:52:13.218172,2026-06-24 15:52:14.830529,0 days 00:00:01.612357,0.8683831592708489,1.0,0.009543550367992308,0.0014359718569878096,False,0.8564710291701385,0.314424545478219,1.017190525260289,0.042356773126632795,39.0,6.0,2.0,65.0,117,,COMPLETE
9,0.18433048433048427,2026-06-24 15:52:14.841206,2026-06-24 15:52:15.252526,0 days 00:00:00.411320,0.8231148769106889,1.0,1.3124992669799407,10.979988817809668,True,0.549575337489325,0.871473444128699,1.607363786590539,0.07581256838789621,39.0,2.0,3.0,61.0,32,,COMPLETE
10,0.17544159544159543,2026-06-24 15:52:15.261567,2026-06-24 15:52:15.660862,0 days 00:00:00.399295,0.9908611332363597,1.0,0.03512175732792625,55.54162315706866,True,0.6839963928728011,0.5905156421247704,0.02569074131920096,0.005556572437269131,99.0,19.0,23.0,12.0,66,,COMPLETE
11,0.17464031339031338,2026-06-24 15:52:15.673229,2026-06-24 15:52:16.558921,0 days 00:00:00.885692,0.9984567420564903,1.0,0.03352561511977935,52.38654328518467,True,0.6606137630538468,0.6091129560474012,0.07101727097318089,0.005738601544760158,100.0,21.0,22.0,14.0,349,,COMPLETE
12,0.17794515669515665,2026-06-24 15:52:16.571069,2026-06-24 15:52:17.107948,0 days 00:00:00.536879,0.998616078450363,1.0,0.02676229286869991,55.53187773415999,True,0.6845696095993247,0.6520293429889962,0.03804429992316361,0.005255135061222826,100.0,15.0,23.0,8.0,223,,COMPLETE
13,0.17829772079772077,2026-06-24 15:52:17.116999,2026-06-24 15:52:17.643262,0 days 00:00:00.526263,0.9985353113769252,1.0,0.02914770065052806,54.968351402679744,True,0.6433675493110087,0.6360410952129852,0.5758898080001819,0.0052007496586138,99.0,23.0,22.0,10.0,173,,COMPLETE
14,0.17561965811965807,2026-06-24 15:52:17.652473,2026-06-24 15:52:18.413200,0 days 00:00:00.760727,0.9605080248750977,1.0,0.0055838132272772,89.40824084383351,True,0.7842567150859745,0.6293657331632125,0.43579878177655923,0.008291154641249288,66.0,26.0,36.0,15.0,271,,COMPLETE
15,0.17462606837606842,2026-06-24 15:52:18.422851,2026-06-24 15:52:19.036251,0 days 00:00:00.613400,0.703953764314277,1.0,0.06047198142992192,14.67985788525307,True,0.6049300569612954,0.7444984618130677,0.9493515798695786,0.0068909988729294325,93.0,9.0,12.0,5.0,360,,COMPLETE
16,0.1761004273504274,2026-06-24 15:52:19.049074,2026-06-24 15:52:19.382967,0 days 00:00:00.333893,0.7324106258887144,1.0,0.09023419518980497,0.2549003654044473,True,0.5924143828857807,0.7794502594914474,0.982043451072436,0.007870903532449472,45.0,9.0,14.0,4.0,181,,COMPLETE
17,0.172261396011396,2026-06-24 15:52:19.392377,2026-06-24 15:52:19.755210,0 days 00:00:00.362833,0.7892447339660675,1.0,0.27075859200494595,13.974654872591861,True,0.7582074332198886,0.7760974698311467,0.8612576917765173,0.012320255254651828,32.0,4.0,10.0,4.0,188,,COMPLETE
18,0.17623575498575494,2026-06-24 15:52:19.768124,2026-06-24 15:52:20.352726,0 days 00:00:00.584602,0.7816744983214757,1.0,0.27303851447030847,10.84291629337771,True,0.40697257697653194,0.8038328018886435,0.9396826870671133,0.012135177128377835,28.0,3.0,11.0,4.0,447,,COMPLETE
19,0.17631054131054125,2026-06-24 15:52:20.361334,2026-06-24 15:52:20.699067,0 days 00:00:00.337733,0.7176826027544516,1.0,0.5226774557706181,0.15297431463040195,True,0.7668844392461993,0.8895674638241589,1.922629995566441,0.030539550602294446,21.0,4.0,10.0,4.0,197,,COMPLETE
20,0.1749821937321937,2026-06-24 15:52:20.708255,2026-06-24 15:52:21.121829,0 days 00:00:00.413574,0.7954841037233726,1.0,0.1071491489629547,13.925030779457753,True,0.8479793416566974,0.7230459398730201,1.1939786382657602,0.011536841067607497,25.0,9.0,4.0,4.0,214,,COMPLETE
21,0.17402065527065524,2026-06-24 15:52:21.130545,2026-06-24 15:52:21.504410,0 days 00:00:00.373865,0.7613489105219843,1.0,0.05884268453247729,20.344491425577544,True,0.6129253740469564,0.5153090844842088,0.7760780938428422,0.006540407190442896,76.0,14.0,35.0,6.0,129,,COMPLETE
22,0.17714031339031344,2026-06-24 15:52:21.513593,2026-06-24 15:52:21.726001,0 days 00:00:00.212408,0.7066013010889338,1.0,0.06593847047347474,2.403597894176939,True,0.5835342240597201,0.4877476818164243,0.7723978923783371,0.007095645441133419,74.0,5.0,9.0,6.0,15,,COMPLETE
23,0.17475427350427342,2026-06-24 15:52:21.736180,2026-06-24 15:52:22.020747,0 days 00:00:00.284567,0.7520084973217057,1.0,0.1746738458210478,14.028855648182395,True,0.7575596500821715,0.22827919207263858,0.785154077304135,0.011126701166036451,31.0,10.0,35.0,3.0,196,,COMPLETE
24,0.17730769230769228,2026-06-24 15:52:22.030281,2026-06-24 15:52:22.396046,0 days 00:00:00.365765,0.7831750871496679,1.0,0.015620961556252427,1.092159784305685,True,0.621336877703117,0.7198663691588545,1.193123114071983,0.006866914958297958,54.0,3.0,41.0,6.0,124,,COMPLETE
25,0.1760363247863248,2026-06-24 15:52:22.404959,2026-06-24 15:52:22.728937,0 days 00:00:00.323978,0.7475881451897886,1.0,0.8883118313561792,4.787831129702873,True,0.5506577784323035,0.5424647795756331,0.7777021211564569,0.021470933070682516,14.0,14.0,15.0,3.0,201,,COMPLETE
